{"level":"info","message":"Connected to DB! ","timestamp":"2019-01-23T04:08:35.634Z"}
{"level":"info","message":"Connected to DB! ","timestamp":"2019-01-23T10:40:22.164Z"}
{"level":"info","message":"Connected to DB! ","timestamp":"2019-01-23T10:46:35.025Z"}
{"level":"info","message":"Connected to DB! ","timestamp":"2019-01-23T10:49:14.230Z"}
{"level":"info","message":"New course created with id: 5c4846b0f4a2f54290806b32","timestamp":"2019-01-23T10:49:20.301Z"}
{"level":"info","message":"Connected to DB! ","timestamp":"2019-01-23T10:51:25.756Z"}
{"level":"info","message":"New course created with id: 5c4847e59ea69d228cbfa874","timestamp":"2019-01-23T10:54:29.848Z"}
{"level":"info","message":"Connected to DB! ","timestamp":"2019-01-23T11:34:46.494Z"}
{"level":"info","message":"Connected to DB! ","timestamp":"2019-01-23T11:36:09.190Z"}
{"level":"info","message":"Connected to DB! ","timestamp":"2019-01-23T11:36:40.925Z"}
{"level":"info","message":"New course created with id: 5c4853b8ade69124d86b49b7","timestamp":"2019-01-23T11:44:56.744Z"}
{"level":"info","message":"New course created with id: 5c4853ebade69124d86b49b9","timestamp":"2019-01-23T11:45:47.860Z"}
{"level":"info","message":"New course created with id: 5c485446ade69124d86b49bb","timestamp":"2019-01-23T11:47:18.858Z"}
{"level":"info","message":"New course created with id: 5c485469ade69124d86b49bd","timestamp":"2019-01-23T11:47:53.980Z"}
{"level":"info","message":"Connected to DB! ","timestamp":"2019-01-23T11:50:00.171Z"}
{"level":"info","message":"New course created with id: 5c48550d5df068295c1d17fc","timestamp":"2019-01-23T11:50:37.031Z"}
{"level":"info","message":"Connected to DB! ","timestamp":"2019-01-23T12:06:42.672Z"}
{"level":"info","message":"Connected to DB! ","timestamp":"2019-01-23T12:09:00.916Z"}
{"level":"info","message":"Connected to DB! ","timestamp":"2019-01-23T12:10:16.987Z"}
{"level":"info","message":"Connected to DB! ","timestamp":"2019-01-23T12:15:20.888Z"}
{"level":"info","message":"Course deleted with courseName: 除法","timestamp":"2019-01-23T12:15:48.169Z"}
{"level":"info","message":"New course created with id: 5c485ba64b70d721a4ac063e","timestamp":"2019-01-23T12:18:46.340Z"}
{"level":"info","message":"Connected to DB! ","timestamp":"2019-01-23T12:19:28.806Z"}
{"level":"info","message":"Course deleted with courseName: 除法","timestamp":"2019-01-23T12:20:32.364Z"}
{"level":"info","message":"Connected to DB! ","timestamp":"2019-01-23T12:50:39.926Z"}
{"level":"error","message":"Course with id: undefined Not Found","timestamp":"2019-01-23T12:51:00.784Z"}
{"level":"info","message":"Connected to DB! ","timestamp":"2019-01-23T12:54:07.649Z"}
{"level":"error","message":"Course with id: undefined Not Found","timestamp":"2019-01-23T12:54:14.112Z"}
{"level":"info","message":"Connected to DB! ","timestamp":"2019-01-23T12:55:41.318Z"}
{"level":"error","message":"Course with id: 1 Not Found","timestamp":"2019-01-23T12:55:46.815Z"}
{"level":"info","message":"Connected to DB! ","timestamp":"2019-01-23T12:58:30.799Z"}
{"level":"error","message":"Course with id: 1 Not Found","timestamp":"2019-01-23T12:58:36.336Z"}
{"level":"error","message":"Course with id: 1 Not Found","timestamp":"2019-01-23T12:59:18.669Z"}
{"level":"info","message":"Connected to DB! ","timestamp":"2019-01-23T12:59:34.283Z"}
{"level":"error","message":"Course with id: 1 Not Found","timestamp":"2019-01-23T12:59:52.419Z"}
{"level":"info","message":"Connected to DB! ","timestamp":"2019-01-23T13:04:19.089Z"}
{"level":"info","message":"Connected to DB! ","timestamp":"2019-01-23T13:05:02.725Z"}
{"level":"info","message":"Connected to DB! ","timestamp":"2019-01-23T13:06:58.073Z"}
{"level":"info","message":"Connected to DB! ","timestamp":"2019-01-23T13:19:43.913Z"}
{"level":"info","message":"Connected to DB! ","timestamp":"2019-01-23T13:22:15.474Z"}
{"level":"info","message":"Connected to DB! ","timestamp":"2019-01-23T13:22:48.812Z"}
{"level":"info","message":"Connected to DB! ","timestamp":"2019-01-23T13:28:13.270Z"}
{"level":"info","message":"Connected to DB! ","timestamp":"2019-01-23T13:29:14.104Z"}
{"level":"info","message":"Connected to DB! ","timestamp":"2019-01-23T13:30:51.000Z"}
{"level":"info","message":"Connected to DB! ","timestamp":"2019-01-23T13:31:49.985Z"}
{"level":"info","message":"Connected to DB! ","timestamp":"2019-01-23T13:33:01.428Z"}
{"level":"info","message":"Connected to DB! ","timestamp":"2019-01-23T13:33:30.976Z"}
{"level":"info","message":"Connected to DB! ","timestamp":"2019-01-23T13:34:45.396Z"}
{"level":"info","message":"Connected to DB! ","timestamp":"2019-01-23T13:35:31.083Z"}
{"level":"info","message":"New course created with id: 5c486defcb54bb253c4be982","timestamp":"2019-01-23T13:36:47.609Z"}
{"level":"info","message":"Connected to DB! ","timestamp":"2019-01-23T13:38:55.430Z"}
{"level":"info","message":"Course deleted with courseName: 除法","timestamp":"2019-01-23T13:41:46.112Z"}
{"level":"info","message":"New course created with id: 5c486f2f75c76622683f767e","timestamp":"2019-01-23T13:42:07.507Z"}
{"level":"info","message":"Connected to DB! ","timestamp":"2019-01-23T13:49:10.272Z"}
{"level":"error","message":"Course with id: 1 Not Found","timestamp":"2019-01-23T13:49:14.739Z"}
{"level":"info","message":"Connected to DB! ","timestamp":"2019-01-23T13:51:07.610Z"}
{"level":"error","message":"Course with id: 1 Not Found","timestamp":"2019-01-23T13:51:13.125Z"}
{"level":"info","message":"Connected to DB! ","timestamp":"2019-01-23T13:51:39.438Z"}
{"level":"error","message":"Course with id: 1 Not Found","timestamp":"2019-01-23T13:51:44.674Z"}
{"level":"info","message":"Connected to DB! ","timestamp":"2019-01-23T13:52:32.514Z"}
{"level":"info","message":"Connected to DB! ","timestamp":"2019-01-23T13:53:49.897Z"}
{"level":"info","message":"Connected to DB! ","timestamp":"2019-01-24T01:21:18.908Z"}
{"level":"info","message":"Connected to DB! ","timestamp":"2019-01-24T01:22:16.011Z"}
